2026-01-21 15:27:07,419 - __main__ - INFO - Emergency alert system initialized
2026-01-21 15:27:07,454 - __main__ - INFO - Starting SafetyTech AI v8.0
2026-01-21 15:27:07,500 - __main__ - INFO - Using standard YOLOv8 model for accident detection
2026-01-21 15:27:07,500 - __main__ - INFO - YOLOv8 models loaded successfully
2026-01-21 15:27:07,500 - __main__ - INFO - Research-validated vision processor initialized
2026-01-21 15:27:08,359 - __main__ - INFO - Research-validated audio processor initialized
2026-01-21 15:27:08,359 - __main__ - INFO - G-Force processor initialized
2026-01-21 15:27:08,359 - __main__ - INFO - Multimodal fusion engine initialized
2026-01-21 15:27:08,360 - __main__ - INFO - Emergency alert system initialized
2026-01-21 15:27:08,360 - __main__ - INFO - All processors initialized
2026-01-21 15:48:13,719 - __main__ - INFO - Emergency alert system initialized
2026-01-21 15:48:13,777 - __main__ - INFO - Starting SafetyTech AI v8.0
2026-01-21 15:48:13,834 - __main__ - INFO - Using standard YOLOv8 model for accident detection
2026-01-21 15:48:13,834 - __main__ - INFO - YOLOv8 models loaded successfully
2026-01-21 15:48:13,836 - __main__ - INFO - Research-validated vision processor initialized
2026-01-21 15:48:14,334 - __main__ - INFO - Research-validated audio processor initialized
2026-01-21 15:48:14,335 - __main__ - INFO - G-Force processor initialized
2026-01-21 15:48:14,335 - __main__ - INFO - Multimodal fusion engine initialized
2026-01-21 15:48:14,335 - __main__ - INFO - Emergency alert system initialized
2026-01-21 15:48:14,335 - __main__ - INFO - All processors initialized
2026-01-21 16:32:03,472 - __main__ - INFO - Exact location manager initialized
2026-01-21 16:32:03,472 - __main__ - INFO - Emergency alert system initialized
2026-01-21 16:32:03,529 - __main__ - INFO - Starting SafetyTech AI v8.0
2026-01-21 16:32:03,530 - __main__ - INFO - Exact location manager initialized
2026-01-21 16:32:03,733 - __main__ - INFO - Using standard YOLOv8 model for accident detection
2026-01-21 16:32:03,734 - __main__ - INFO - YOLOv8 models loaded successfully
2026-01-21 16:32:03,734 - __main__ - INFO - Research-validated vision processor initialized
2026-01-21 16:32:04,149 - __main__ - INFO - Research-validated audio processor initialized
2026-01-21 16:32:04,150 - __main__ - INFO - G-Force processor initialized
2026-01-21 16:32:04,150 - __main__ - INFO - Multimodal fusion engine initialized
2026-01-21 16:32:04,150 - __main__ - INFO - Emergency alert system initialized
2026-01-21 16:32:04,151 - __main__ - INFO - All processors initialized
2026-02-02 14:15:02,345 - __main__ - INFO - Exact location manager initialized
2026-02-02 14:15:02,346 - __main__ - INFO - Emergency alert system initialized
2026-02-02 14:15:02,808 - __main__ - INFO - Starting SafetyTech AI v8.0
2026-02-02 14:15:02,809 - __main__ - INFO - Exact location manager initialized
2026-02-02 14:15:03,378 - __main__ - INFO - Using standard YOLOv8 model for accident detection
2026-02-02 14:15:03,378 - __main__ - INFO - YOLOv8 models loaded successfully
2026-02-02 14:15:03,379 - __main__ - INFO - Research-validated vision processor initialized
2026-02-02 14:15:05,802 - __main__ - INFO - Research-validated audio processor initialized
2026-02-02 14:15:05,803 - __main__ - INFO - G-Force processor initialized
2026-02-02 14:15:05,804 - __main__ - INFO - Multimodal fusion engine initialized
2026-02-02 14:15:05,805 - __main__ - INFO - Emergency alert system initialized
2026-02-02 14:15:05,805 - __main__ - INFO - All processors initialized
2026-02-02 14:18:59,046 - __main__ - INFO - Shutting down SafetyTech AI
2026-02-02 14:19:15,823 - __main__ - INFO - Exact location manager initialized
2026-02-02 14:19:15,823 - __main__ - INFO - Emergency alert system initialized
2026-02-02 14:19:15,881 - __main__ - INFO - Starting SafetyTech AI v8.0
2026-02-02 14:19:15,882 - __main__ - INFO - Exact location manager initialized
2026-02-02 14:19:16,092 - __main__ - INFO - Using standard YOLOv8 model for accident detection
2026-02-02 14:19:16,092 - __main__ - INFO - YOLOv8 models loaded successfully
2026-02-02 14:19:16,093 - __main__ - INFO - Research-validated vision processor initialized
2026-02-02 14:19:16,447 - __main__ - INFO - Research-validated audio processor initialized
2026-02-02 14:19:16,448 - __main__ - INFO - G-Force processor initialized
2026-02-02 14:19:16,448 - __main__ - INFO - Multimodal fusion engine initialized
2026-02-02 14:19:16,448 - __main__ - INFO - Emergency alert system initialized
2026-02-02 14:19:16,449 - __main__ - INFO - All processors initialized
